<?xml version="1.0" encoding="UTF-8"?>
<coverage generated="1537498168556" clover="3.2.0">
  <project timestamp="1537498168556" name="All files">
    <metrics statements="65" coveredstatements="63" conditionals="33" coveredconditionals="27" methods="34" coveredmethods="33" elements="132" coveredelements="123" complexity="0" loc="65" ncloc="65" packages="1" files="3" classes="3">
      <file name="Observer.js" path="/Users/Bacon/react-context-controller/src/Observer.js">
        <metrics statements="9" coveredstatements="8" conditionals="8" coveredconditionals="5" methods="5" coveredmethods="5"/>
        <line num="3" count="6" type="stmt"/>
        <line num="7" count="6" type="cond" truecount="1" falsecount="1"/>
        <line num="8" count="6" type="stmt"/>
        <line num="10" count="0" type="stmt"/>
        <line num="15" count="12" type="cond" truecount="1" falsecount="1"/>
        <line num="16" count="12" type="stmt"/>
        <line num="21" count="1" type="stmt"/>
        <line num="22" count="1" type="cond" truecount="3" falsecount="1"/>
        <line num="23" count="1" type="stmt"/>
      </file>
      <file name="index.js" path="/Users/Bacon/react-context-controller/src/index.js">
        <metrics statements="36" coveredstatements="35" conditionals="11" coveredconditionals="9" methods="23" coveredmethods="22"/>
        <line num="5" count="1" type="cond" truecount="0" falsecount="1"/>
        <line num="6" count="6" type="stmt"/>
        <line num="7" count="6" type="stmt"/>
        <line num="8" count="6" type="stmt"/>
        <line num="12" count="6" type="stmt"/>
        <line num="16" count="11" type="cond" truecount="2" falsecount="0"/>
        <line num="17" count="8" type="stmt"/>
        <line num="18" count="3" type="cond" truecount="2" falsecount="0"/>
        <line num="19" count="2" type="stmt"/>
        <line num="21" count="1" type="stmt"/>
        <line num="22" count="1" type="stmt"/>
        <line num="27" count="10" type="stmt"/>
        <line num="28" count="10" type="stmt"/>
        <line num="32" count="10" type="stmt"/>
        <line num="36" count="1" type="stmt"/>
        <line num="37" count="1" type="stmt"/>
        <line num="41" count="14" type="stmt"/>
        <line num="42" count="14" type="stmt"/>
        <line num="50" count="1" type="stmt"/>
        <line num="54" count="2" type="stmt"/>
        <line num="55" count="2" type="stmt"/>
        <line num="61" count="2" type="stmt"/>
        <line num="62" count="0" type="stmt"/>
        <line num="65" count="1" type="stmt"/>
        <line num="66" count="1" type="stmt"/>
        <line num="67" count="2" type="stmt"/>
        <line num="72" count="6" type="stmt"/>
        <line num="76" count="11" type="stmt"/>
        <line num="77" count="11" type="cond" truecount="1" falsecount="1"/>
        <line num="81" count="1" type="stmt"/>
        <line num="82" count="1" type="stmt"/>
        <line num="86" count="4" type="cond" truecount="2" falsecount="0"/>
        <line num="87" count="1" type="stmt"/>
        <line num="88" count="3" type="cond" truecount="2" falsecount="0"/>
        <line num="89" count="1" type="stmt"/>
        <line num="91" count="2" type="stmt"/>
      </file>
      <file name="util.js" path="/Users/Bacon/react-context-controller/src/util.js">
        <metrics statements="20" coveredstatements="20" conditionals="14" coveredconditionals="13" methods="6" coveredmethods="6"/>
        <line num="1" count="56" type="stmt"/>
        <line num="2" count="1" type="stmt"/>
        <line num="4" count="14" type="stmt"/>
        <line num="5" count="7" type="stmt"/>
        <line num="6" count="4" type="stmt"/>
        <line num="22" count="1" type="stmt"/>
        <line num="23" count="24" type="cond" truecount="2" falsecount="0"/>
        <line num="24" count="20" type="cond" truecount="4" falsecount="0"/>
        <line num="25" count="9" type="stmt"/>
        <line num="27" count="11" type="stmt"/>
        <line num="28" count="11" type="stmt"/>
        <line num="29" count="11" type="cond" truecount="1" falsecount="1"/>
        <line num="30" count="11" type="stmt"/>
        <line num="31" count="13" type="cond" truecount="4" falsecount="0"/>
        <line num="32" count="9" type="stmt"/>
        <line num="35" count="2" type="stmt"/>
        <line num="37" count="1" type="stmt"/>
        <line num="38" count="4" type="cond" truecount="2" falsecount="0"/>
        <line num="39" count="1" type="stmt"/>
        <line num="41" count="3" type="stmt"/>
      </file>
    </metrics>
  </project>
</coverage>
