{"/Users/Bacon/react-context-controller/src/Observer.js": {"path":"/Users/Bacon/react-context-controller/src/Observer.js","statementMap":{"0":{"start":{"line":3,"column":4},"end":{"line":3,"column":24}},"1":{"start":{"line":7,"column":4},"end":{"line":11,"column":5}},"2":{"start":{"line":8,"column":6},"end":{"line":8,"column":35}},"3":{"start":{"line":10,"column":6},"end":{"line":10,"column":37}},"4":{"start":{"line":15,"column":4},"end":{"line":17,"column":5}},"5":{"start":{"line":16,"column":6},"end":{"line":16,"column":57}},"6":{"start":{"line":16,"column":42},"end":{"line":16,"column":55}},"7":{"start":{"line":21,"column":22},"end":{"line":21,"column":42}},"8":{"start":{"line":22,"column":4},"end":{"line":24,"column":5}},"9":{"start":{"line":23,"column":6},"end":{"line":23,"column":51}}},"fnMap":{"0":{"name":"(anonymous_0)","decl":{"start":{"line":2,"column":2},"end":{"line":2,"column":3}},"loc":{"start":{"line":2,"column":16},"end":{"line":4,"column":3}},"line":2},"1":{"name":"(anonymous_1)","decl":{"start":{"line":6,"column":7},"end":{"line":6,"column":8}},"loc":{"start":{"line":6,"column":22},"end":{"line":12,"column":3}},"line":6},"2":{"name":"(anonymous_2)","decl":{"start":{"line":14,"column":9},"end":{"line":14,"column":10}},"loc":{"start":{"line":14,"column":27},"end":{"line":18,"column":3}},"line":14},"3":{"name":"(anonymous_3)","decl":{"start":{"line":16,"column":34},"end":{"line":16,"column":35}},"loc":{"start":{"line":16,"column":42},"end":{"line":16,"column":55}},"line":16},"4":{"name":"(anonymous_4)","decl":{"start":{"line":20,"column":8},"end":{"line":20,"column":9}},"loc":{"start":{"line":20,"column":24},"end":{"line":25,"column":3}},"line":20}},"branchMap":{"0":{"loc":{"start":{"line":7,"column":4},"end":{"line":11,"column":5}},"type":"if","locations":[{"start":{"line":7,"column":4},"end":{"line":11,"column":5}},{"start":{"line":7,"column":4},"end":{"line":11,"column":5}}],"line":7},"1":{"loc":{"start":{"line":15,"column":4},"end":{"line":17,"column":5}},"type":"if","locations":[{"start":{"line":15,"column":4},"end":{"line":17,"column":5}},{"start":{"line":15,"column":4},"end":{"line":17,"column":5}}],"line":15},"2":{"loc":{"start":{"line":22,"column":4},"end":{"line":24,"column":5}},"type":"if","locations":[{"start":{"line":22,"column":4},"end":{"line":24,"column":5}},{"start":{"line":22,"column":4},"end":{"line":24,"column":5}}],"line":22},"3":{"loc":{"start":{"line":22,"column":8},"end":{"line":22,"column":52}},"type":"binary-expr","locations":[{"start":{"line":22,"column":8},"end":{"line":22,"column":32}},{"start":{"line":22,"column":36},"end":{"line":22,"column":52}}],"line":22}},"s":{"0":6,"1":6,"2":6,"3":0,"4":12,"5":12,"6":11,"7":1,"8":1,"9":1},"f":{"0":6,"1":6,"2":12,"3":11,"4":1},"b":{"0":[6,0],"1":[12,0],"2":[1,0],"3":[1,1]},"_coverageSchema":"332fd63041d2c1bcb487cc26dd0d5f7d97098a6c","hash":"7045d5a466c6ebb002c182b5077e67f847098b6d"}
,"/Users/Bacon/react-context-controller/src/index.js": {"path":"/Users/Bacon/react-context-controller/src/index.js","statementMap":{"0":{"start":{"line":5,"column":13},"end":{"line":96,"column":1}},"1":{"start":{"line":6,"column":19},"end":{"line":6,"column":33}},"2":{"start":{"line":7,"column":18},"end":{"line":7,"column":39}},"3":{"start":{"line":8,"column":15},"end":{"line":8,"column":27}},"4":{"start":{"line":12,"column":6},"end":{"line":12,"column":47}},"5":{"start":{"line":16,"column":6},"end":{"line":23,"column":7}},"6":{"start":{"line":17,"column":8},"end":{"line":17,"column":70}},"7":{"start":{"line":17,"column":37},"end":{"line":17,"column":68}},"8":{"start":{"line":18,"column":13},"end":{"line":23,"column":7}},"9":{"start":{"line":19,"column":8},"end":{"line":19,"column":70}},"10":{"start":{"line":19,"column":37},"end":{"line":19,"column":68}},"11":{"start":{"line":21,"column":8},"end":{"line":21,"column":78}},"12":{"start":{"line":22,"column":8},"end":{"line":22,"column":36}},"13":{"start":{"line":27,"column":6},"end":{"line":27,"column":26}},"14":{"start":{"line":28,"column":6},"end":{"line":28,"column":34}},"15":{"start":{"line":32,"column":6},"end":{"line":32,"column":47}},"16":{"start":{"line":36,"column":6},"end":{"line":36,"column":48}},"17":{"start":{"line":37,"column":6},"end":{"line":37,"column":20}},"18":{"start":{"line":41,"column":27},"end":{"line":41,"column":37}},"19":{"start":{"line":42,"column":6},"end":{"line":44,"column":25}},"20":{"start":{"line":50,"column":6},"end":{"line":50,"column":56}},"21":{"start":{"line":54,"column":33},"end":{"line":54,"column":43}},"22":{"start":{"line":55,"column":6},"end":{"line":55,"column":27}},"23":{"start":{"line":61,"column":19},"end":{"line":61,"column":20}},"24":{"start":{"line":62,"column":22},"end":{"line":62,"column":26}},"25":{"start":{"line":65,"column":35},"end":{"line":65,"column":45}},"26":{"start":{"line":66,"column":6},"end":{"line":68,"column":26}},"27":{"start":{"line":67,"column":18},"end":{"line":67,"column":76}},"28":{"start":{"line":72,"column":2},"end":{"line":95,"column":3}},"29":{"start":{"line":76,"column":6},"end":{"line":78,"column":8}},"30":{"start":{"line":77,"column":8},"end":{"line":77,"column":93}},"31":{"start":{"line":77,"column":53},"end":{"line":77,"column":91}},"32":{"start":{"line":81,"column":6},"end":{"line":83,"column":8}},"33":{"start":{"line":82,"column":8},"end":{"line":82,"column":77}},"34":{"start":{"line":82,"column":39},"end":{"line":82,"column":51}},"35":{"start":{"line":82,"column":62},"end":{"line":82,"column":76}},"36":{"start":{"line":86,"column":6},"end":{"line":92,"column":7}},"37":{"start":{"line":87,"column":8},"end":{"line":87,"column":36}},"38":{"start":{"line":88,"column":13},"end":{"line":92,"column":7}},"39":{"start":{"line":89,"column":8},"end":{"line":89,"column":36}},"40":{"start":{"line":91,"column":8},"end":{"line":91,"column":28}}},"fnMap":{"0":{"name":"(anonymous_0)","decl":{"start":{"line":5,"column":13},"end":{"line":5,"column":14}},"loc":{"start":{"line":5,"column":36},"end":{"line":96,"column":1}},"line":5},"1":{"name":"(anonymous_1)","decl":{"start":{"line":11,"column":4},"end":{"line":11,"column":5}},"loc":{"start":{"line":11,"column":24},"end":{"line":13,"column":5}},"line":11},"2":{"name":"(anonymous_2)","decl":{"start":{"line":15,"column":18},"end":{"line":15,"column":19}},"loc":{"start":{"line":15,"column":41},"end":{"line":24,"column":5}},"line":15},"3":{"name":"(anonymous_3)","decl":{"start":{"line":17,"column":31},"end":{"line":17,"column":32}},"loc":{"start":{"line":17,"column":37},"end":{"line":17,"column":68}},"line":17},"4":{"name":"(anonymous_4)","decl":{"start":{"line":19,"column":31},"end":{"line":19,"column":32}},"loc":{"start":{"line":19,"column":37},"end":{"line":19,"column":68}},"line":19},"5":{"name":"(anonymous_5)","decl":{"start":{"line":26,"column":23},"end":{"line":26,"column":24}},"loc":{"start":{"line":26,"column":37},"end":{"line":29,"column":5}},"line":26},"6":{"name":"(anonymous_6)","decl":{"start":{"line":31,"column":4},"end":{"line":31,"column":5}},"loc":{"start":{"line":31,"column":48},"end":{"line":33,"column":5}},"line":31},"7":{"name":"(anonymous_7)","decl":{"start":{"line":35,"column":4},"end":{"line":35,"column":5}},"loc":{"start":{"line":35,"column":27},"end":{"line":38,"column":5}},"line":35},"8":{"name":"(anonymous_8)","decl":{"start":{"line":40,"column":4},"end":{"line":40,"column":5}},"loc":{"start":{"line":40,"column":13},"end":{"line":45,"column":5}},"line":40},"9":{"name":"(anonymous_9)","decl":{"start":{"line":49,"column":4},"end":{"line":49,"column":5}},"loc":{"start":{"line":49,"column":37},"end":{"line":51,"column":5}},"line":49},"10":{"name":"(anonymous_10)","decl":{"start":{"line":53,"column":4},"end":{"line":53,"column":5}},"loc":{"start":{"line":53,"column":13},"end":{"line":56,"column":5}},"line":53},"11":{"name":"(anonymous_11)","decl":{"start":{"line":61,"column":14},"end":{"line":61,"column":15}},"loc":{"start":{"line":61,"column":19},"end":{"line":61,"column":20}},"line":61},"12":{"name":"(anonymous_12)","decl":{"start":{"line":62,"column":16},"end":{"line":62,"column":17}},"loc":{"start":{"line":62,"column":22},"end":{"line":62,"column":26}},"line":62},"13":{"name":"(anonymous_13)","decl":{"start":{"line":64,"column":4},"end":{"line":64,"column":5}},"loc":{"start":{"line":64,"column":13},"end":{"line":69,"column":5}},"line":64},"14":{"name":"(anonymous_14)","decl":{"start":{"line":67,"column":9},"end":{"line":67,"column":10}},"loc":{"start":{"line":67,"column":18},"end":{"line":67,"column":76}},"line":67},"15":{"name":"(anonymous_15)","decl":{"start":{"line":75,"column":12},"end":{"line":75,"column":13}},"loc":{"start":{"line":75,"column":25},"end":{"line":79,"column":5}},"line":75},"16":{"name":"(anonymous_16)","decl":{"start":{"line":76,"column":25},"end":{"line":76,"column":26}},"loc":{"start":{"line":76,"column":46},"end":{"line":78,"column":7}},"line":76},"17":{"name":"(anonymous_17)","decl":{"start":{"line":77,"column":42},"end":{"line":77,"column":43}},"loc":{"start":{"line":77,"column":53},"end":{"line":77,"column":91}},"line":77},"18":{"name":"(anonymous_18)","decl":{"start":{"line":80,"column":11},"end":{"line":80,"column":12}},"loc":{"start":{"line":80,"column":17},"end":{"line":84,"column":5}},"line":80},"19":{"name":"(anonymous_19)","decl":{"start":{"line":81,"column":25},"end":{"line":81,"column":26}},"loc":{"start":{"line":81,"column":38},"end":{"line":83,"column":7}},"line":81},"20":{"name":"(anonymous_20)","decl":{"start":{"line":82,"column":33},"end":{"line":82,"column":34}},"loc":{"start":{"line":82,"column":39},"end":{"line":82,"column":51}},"line":82},"21":{"name":"(anonymous_21)","decl":{"start":{"line":82,"column":53},"end":{"line":82,"column":54}},"loc":{"start":{"line":82,"column":62},"end":{"line":82,"column":76}},"line":82},"22":{"name":"(anonymous_22)","decl":{"start":{"line":85,"column":9},"end":{"line":85,"column":10}},"loc":{"start":{"line":85,"column":21},"end":{"line":93,"column":5}},"line":85}},"branchMap":{"0":{"loc":{"start":{"line":5,"column":14},"end":{"line":5,"column":31}},"type":"default-arg","locations":[{"start":{"line":5,"column":29},"end":{"line":5,"column":31}}],"line":5},"1":{"loc":{"start":{"line":16,"column":6},"end":{"line":23,"column":7}},"type":"if","locations":[{"start":{"line":16,"column":6},"end":{"line":23,"column":7}},{"start":{"line":16,"column":6},"end":{"line":23,"column":7}}],"line":16},"2":{"loc":{"start":{"line":18,"column":13},"end":{"line":23,"column":7}},"type":"if","locations":[{"start":{"line":18,"column":13},"end":{"line":23,"column":7}},{"start":{"line":18,"column":13},"end":{"line":23,"column":7}}],"line":18},"3":{"loc":{"start":{"line":77,"column":53},"end":{"line":77,"column":91}},"type":"cond-expr","locations":[{"start":{"line":77,"column":61},"end":{"line":77,"column":75}},{"start":{"line":77,"column":78},"end":{"line":77,"column":91}}],"line":77},"4":{"loc":{"start":{"line":86,"column":6},"end":{"line":92,"column":7}},"type":"if","locations":[{"start":{"line":86,"column":6},"end":{"line":92,"column":7}},{"start":{"line":86,"column":6},"end":{"line":92,"column":7}}],"line":86},"5":{"loc":{"start":{"line":88,"column":13},"end":{"line":92,"column":7}},"type":"if","locations":[{"start":{"line":88,"column":13},"end":{"line":92,"column":7}},{"start":{"line":88,"column":13},"end":{"line":92,"column":7}}],"line":88}},"s":{"0":1,"1":6,"2":6,"3":6,"4":6,"5":11,"6":8,"7":8,"8":3,"9":2,"10":2,"11":1,"12":1,"13":10,"14":10,"15":10,"16":1,"17":1,"18":14,"19":14,"20":1,"21":2,"22":2,"23":2,"24":0,"25":1,"26":1,"27":2,"28":6,"29":11,"30":11,"31":10,"32":1,"33":1,"34":1,"35":1,"36":4,"37":1,"38":3,"39":1,"40":2},"f":{"0":6,"1":6,"2":11,"3":8,"4":2,"5":10,"6":10,"7":1,"8":14,"9":1,"10":2,"11":2,"12":0,"13":1,"14":2,"15":11,"16":11,"17":10,"18":1,"19":1,"20":1,"21":1,"22":4},"b":{"0":[0],"1":[8,3],"2":[2,1],"3":[10,0],"4":[1,3],"5":[1,2]},"_coverageSchema":"332fd63041d2c1bcb487cc26dd0d5f7d97098a6c","hash":"c6aa837fa70b4cae7d48cd4c6b8e90b085771b93"}
,"/Users/Bacon/react-context-controller/src/util.js": {"path":"/Users/Bacon/react-context-controller/src/util.js","statementMap":{"0":{"start":{"line":1,"column":15},"end":{"line":1,"column":68}},"1":{"start":{"line":1,"column":22},"end":{"line":1,"column":68}},"2":{"start":{"line":2,"column":15},"end":{"line":2,"column":46}},"3":{"start":{"line":4,"column":26},"end":{"line":4,"column":55}},"4":{"start":{"line":4,"column":31},"end":{"line":4,"column":55}},"5":{"start":{"line":5,"column":24},"end":{"line":5,"column":51}},"6":{"start":{"line":5,"column":29},"end":{"line":5,"column":51}},"7":{"start":{"line":6,"column":24},"end":{"line":6,"column":51}},"8":{"start":{"line":6,"column":29},"end":{"line":6,"column":51}},"9":{"start":{"line":22,"column":25},"end":{"line":36,"column":1}},"10":{"start":{"line":23,"column":2},"end":{"line":23,"column":41}},"11":{"start":{"line":23,"column":29},"end":{"line":23,"column":41}},"12":{"start":{"line":24,"column":2},"end":{"line":26,"column":3}},"13":{"start":{"line":25,"column":4},"end":{"line":25,"column":17}},"14":{"start":{"line":27,"column":16},"end":{"line":27,"column":33}},"15":{"start":{"line":28,"column":16},"end":{"line":28,"column":33}},"16":{"start":{"line":29,"column":2},"end":{"line":29,"column":49}},"17":{"start":{"line":29,"column":37},"end":{"line":29,"column":49}},"18":{"start":{"line":30,"column":2},"end":{"line":34,"column":3}},"19":{"start":{"line":31,"column":4},"end":{"line":33,"column":5}},"20":{"start":{"line":32,"column":6},"end":{"line":32,"column":18}},"21":{"start":{"line":35,"column":2},"end":{"line":35,"column":13}},"22":{"start":{"line":37,"column":20},"end":{"line":42,"column":1}},"23":{"start":{"line":38,"column":2},"end":{"line":40,"column":3}},"24":{"start":{"line":39,"column":4},"end":{"line":39,"column":32}},"25":{"start":{"line":41,"column":2},"end":{"line":41,"column":11}}},"fnMap":{"0":{"name":"(anonymous_0)","decl":{"start":{"line":1,"column":15},"end":{"line":1,"column":16}},"loc":{"start":{"line":1,"column":22},"end":{"line":1,"column":68}},"line":1},"1":{"name":"(anonymous_1)","decl":{"start":{"line":4,"column":26},"end":{"line":4,"column":27}},"loc":{"start":{"line":4,"column":31},"end":{"line":4,"column":55}},"line":4},"2":{"name":"(anonymous_2)","decl":{"start":{"line":5,"column":24},"end":{"line":5,"column":25}},"loc":{"start":{"line":5,"column":29},"end":{"line":5,"column":51}},"line":5},"3":{"name":"(anonymous_3)","decl":{"start":{"line":6,"column":24},"end":{"line":6,"column":25}},"loc":{"start":{"line":6,"column":29},"end":{"line":6,"column":51}},"line":6},"4":{"name":"(anonymous_4)","decl":{"start":{"line":22,"column":25},"end":{"line":22,"column":26}},"loc":{"start":{"line":22,"column":41},"end":{"line":36,"column":1}},"line":22},"5":{"name":"(anonymous_5)","decl":{"start":{"line":37,"column":20},"end":{"line":37,"column":21}},"loc":{"start":{"line":37,"column":27},"end":{"line":42,"column":1}},"line":37}},"branchMap":{"0":{"loc":{"start":{"line":23,"column":2},"end":{"line":23,"column":41}},"type":"if","locations":[{"start":{"line":23,"column":2},"end":{"line":23,"column":41}},{"start":{"line":23,"column":2},"end":{"line":23,"column":41}}],"line":23},"1":{"loc":{"start":{"line":24,"column":2},"end":{"line":26,"column":3}},"type":"if","locations":[{"start":{"line":24,"column":2},"end":{"line":26,"column":3}},{"start":{"line":24,"column":2},"end":{"line":26,"column":3}}],"line":24},"2":{"loc":{"start":{"line":24,"column":6},"end":{"line":24,"column":60}},"type":"binary-expr","locations":[{"start":{"line":24,"column":6},"end":{"line":24,"column":31}},{"start":{"line":24,"column":35},"end":{"line":24,"column":60}}],"line":24},"3":{"loc":{"start":{"line":29,"column":2},"end":{"line":29,"column":49}},"type":"if","locations":[{"start":{"line":29,"column":2},"end":{"line":29,"column":49}},{"start":{"line":29,"column":2},"end":{"line":29,"column":49}}],"line":29},"4":{"loc":{"start":{"line":31,"column":4},"end":{"line":33,"column":5}},"type":"if","locations":[{"start":{"line":31,"column":4},"end":{"line":33,"column":5}},{"start":{"line":31,"column":4},"end":{"line":33,"column":5}}],"line":31},"5":{"loc":{"start":{"line":31,"column":8},"end":{"line":31,"column":82}},"type":"binary-expr","locations":[{"start":{"line":31,"column":8},"end":{"line":31,"column":36}},{"start":{"line":31,"column":40},"end":{"line":31,"column":82}}],"line":31},"6":{"loc":{"start":{"line":38,"column":2},"end":{"line":40,"column":3}},"type":"if","locations":[{"start":{"line":38,"column":2},"end":{"line":40,"column":3}},{"start":{"line":38,"column":2},"end":{"line":40,"column":3}}],"line":38}},"s":{"0":1,"1":56,"2":1,"3":1,"4":14,"5":1,"6":7,"7":1,"8":4,"9":1,"10":24,"11":4,"12":20,"13":9,"14":11,"15":11,"16":11,"17":0,"18":11,"19":13,"20":9,"21":2,"22":1,"23":4,"24":1,"25":3},"f":{"0":56,"1":14,"2":7,"3":4,"4":24,"5":4},"b":{"0":[4,20],"1":[9,11],"2":[20,11],"3":[0,11],"4":[9,4],"5":[13,13],"6":[1,3]},"_coverageSchema":"332fd63041d2c1bcb487cc26dd0d5f7d97098a6c","hash":"1f74898ca618136b653da452d7cddd0782d24c7f"}
}
