TN:
SF:/Users/Bacon/react-context-controller/src/Observer.js
FN:2,(anonymous_0)
FN:6,(anonymous_1)
FN:14,(anonymous_2)
FN:16,(anonymous_3)
FN:20,(anonymous_4)
FNF:5
FNH:5
FNDA:6,(anonymous_0)
FNDA:6,(anonymous_1)
FNDA:12,(anonymous_2)
FNDA:11,(anonymous_3)
FNDA:1,(anonymous_4)
DA:3,6
DA:7,6
DA:8,6
DA:10,0
DA:15,12
DA:16,12
DA:21,1
DA:22,1
DA:23,1
LF:9
LH:8
BRDA:7,0,0,6
BRDA:7,0,1,0
BRDA:15,1,0,12
BRDA:15,1,1,0
BRDA:22,2,0,1
BRDA:22,2,1,0
BRDA:22,3,0,1
BRDA:22,3,1,1
BRF:8
BRH:5
end_of_record
TN:
SF:/Users/Bacon/react-context-controller/src/index.js
FN:5,(anonymous_0)
FN:11,(anonymous_1)
FN:15,(anonymous_2)
FN:17,(anonymous_3)
FN:19,(anonymous_4)
FN:26,(anonymous_5)
FN:31,(anonymous_6)
FN:35,(anonymous_7)
FN:40,(anonymous_8)
FN:49,(anonymous_9)
FN:53,(anonymous_10)
FN:61,(anonymous_11)
FN:62,(anonymous_12)
FN:64,(anonymous_13)
FN:67,(anonymous_14)
FN:75,(anonymous_15)
FN:76,(anonymous_16)
FN:77,(anonymous_17)
FN:80,(anonymous_18)
FN:81,(anonymous_19)
FN:82,(anonymous_20)
FN:82,(anonymous_21)
FN:85,(anonymous_22)
FNF:23
FNH:22
FNDA:6,(anonymous_0)
FNDA:6,(anonymous_1)
FNDA:11,(anonymous_2)
FNDA:8,(anonymous_3)
FNDA:2,(anonymous_4)
FNDA:10,(anonymous_5)
FNDA:10,(anonymous_6)
FNDA:1,(anonymous_7)
FNDA:14,(anonymous_8)
FNDA:1,(anonymous_9)
FNDA:2,(anonymous_10)
FNDA:2,(anonymous_11)
FNDA:0,(anonymous_12)
FNDA:1,(anonymous_13)
FNDA:2,(anonymous_14)
FNDA:11,(anonymous_15)
FNDA:11,(anonymous_16)
FNDA:10,(anonymous_17)
FNDA:1,(anonymous_18)
FNDA:1,(anonymous_19)
FNDA:1,(anonymous_20)
FNDA:1,(anonymous_21)
FNDA:4,(anonymous_22)
DA:5,1
DA:6,6
DA:7,6
DA:8,6
DA:12,6
DA:16,11
DA:17,8
DA:18,3
DA:19,2
DA:21,1
DA:22,1
DA:27,10
DA:28,10
DA:32,10
DA:36,1
DA:37,1
DA:41,14
DA:42,14
DA:50,1
DA:54,2
DA:55,2
DA:61,2
DA:62,0
DA:65,1
DA:66,1
DA:67,2
DA:72,6
DA:76,11
DA:77,11
DA:81,1
DA:82,1
DA:86,4
DA:87,1
DA:88,3
DA:89,1
DA:91,2
LF:36
LH:35
BRDA:5,0,0,0
BRDA:16,1,0,8
BRDA:16,1,1,3
BRDA:18,2,0,2
BRDA:18,2,1,1
BRDA:77,3,0,10
BRDA:77,3,1,0
BRDA:86,4,0,1
BRDA:86,4,1,3
BRDA:88,5,0,1
BRDA:88,5,1,2
BRF:11
BRH:9
end_of_record
TN:
SF:/Users/Bacon/react-context-controller/src/util.js
FN:1,(anonymous_0)
FN:4,(anonymous_1)
FN:5,(anonymous_2)
FN:6,(anonymous_3)
FN:22,(anonymous_4)
FN:37,(anonymous_5)
FNF:6
FNH:6
FNDA:56,(anonymous_0)
FNDA:14,(anonymous_1)
FNDA:7,(anonymous_2)
FNDA:4,(anonymous_3)
FNDA:24,(anonymous_4)
FNDA:4,(anonymous_5)
DA:1,56
DA:2,1
DA:4,14
DA:5,7
DA:6,4
DA:22,1
DA:23,24
DA:24,20
DA:25,9
DA:27,11
DA:28,11
DA:29,11
DA:30,11
DA:31,13
DA:32,9
DA:35,2
DA:37,1
DA:38,4
DA:39,1
DA:41,3
LF:20
LH:20
BRDA:23,0,0,4
BRDA:23,0,1,20
BRDA:24,1,0,9
BRDA:24,1,1,11
BRDA:24,2,0,20
BRDA:24,2,1,11
BRDA:29,3,0,0
BRDA:29,3,1,11
BRDA:31,4,0,9
BRDA:31,4,1,4
BRDA:31,5,0,13
BRDA:31,5,1,13
BRDA:38,6,0,1
BRDA:38,6,1,3
BRF:14
BRH:13
end_of_record
