TN:
SF:/Users/Bacon/react-context-controller/src/Observer.js
FN:2,(anonymous_0)
FN:6,(anonymous_1)
FN:14,(anonymous_2)
FN:16,(anonymous_3)
FN:20,(anonymous_4)
FNF:5
FNH:5
FNDA:5,(anonymous_0)
FNDA:5,(anonymous_1)
FNDA:10,(anonymous_2)
FNDA:9,(anonymous_3)
FNDA:1,(anonymous_4)
DA:3,5
DA:7,5
DA:8,5
DA:10,0
DA:15,10
DA:16,10
DA:21,1
DA:22,1
DA:23,1
LF:9
LH:8
BRDA:7,0,0,5
BRDA:7,0,1,0
BRDA:15,1,0,10
BRDA:15,1,1,0
BRDA:22,2,0,1
BRDA:22,2,1,0
BRDA:22,3,0,1
BRDA:22,3,1,1
BRF:8
BRH:5
end_of_record
TN:
SF:/Users/Bacon/react-context-controller/src/index.js
FN:5,(anonymous_0)
FN:11,(anonymous_1)
FN:15,(anonymous_2)
FN:17,(anonymous_3)
FN:19,(anonymous_4)
FN:26,(anonymous_5)
FN:31,(anonymous_6)
FN:35,(anonymous_7)
FN:40,(anonymous_8)
FN:49,(anonymous_9)
FN:53,(anonymous_10)
FN:61,(anonymous_11)
FN:62,(anonymous_12)
FN:64,(anonymous_13)
FN:67,(anonymous_14)
FN:75,(anonymous_15)
FN:76,(anonymous_16)
FN:77,(anonymous_17)
FN:80,(anonymous_18)
FNF:19
FNH:18
FNDA:5,(anonymous_0)
FNDA:5,(anonymous_1)
FNDA:9,(anonymous_2)
FNDA:6,(anonymous_3)
FNDA:2,(anonymous_4)
FNDA:8,(anonymous_5)
FNDA:8,(anonymous_6)
FNDA:1,(anonymous_7)
FNDA:11,(anonymous_8)
FNDA:1,(anonymous_9)
FNDA:2,(anonymous_10)
FNDA:2,(anonymous_11)
FNDA:0,(anonymous_12)
FNDA:2,(anonymous_13)
FNDA:2,(anonymous_14)
FNDA:10,(anonymous_15)
FNDA:10,(anonymous_16)
FNDA:9,(anonymous_17)
FNDA:4,(anonymous_18)
DA:5,1
DA:6,5
DA:7,5
DA:8,5
DA:12,5
DA:16,9
DA:17,6
DA:18,3
DA:19,2
DA:21,1
DA:22,1
DA:27,8
DA:28,8
DA:32,8
DA:36,1
DA:37,1
DA:41,11
DA:42,11
DA:50,1
DA:54,2
DA:55,2
DA:61,2
DA:62,0
DA:65,2
DA:66,2
DA:67,2
DA:72,5
DA:76,10
DA:77,10
DA:81,4
DA:82,1
DA:83,3
DA:84,1
DA:86,2
LF:34
LH:33
BRDA:5,0,0,0
BRDA:16,1,0,6
BRDA:16,1,1,3
BRDA:18,2,0,2
BRDA:18,2,1,1
BRDA:77,3,0,9
BRDA:77,3,1,0
BRDA:81,4,0,1
BRDA:81,4,1,3
BRDA:83,5,0,1
BRDA:83,5,1,2
BRF:11
BRH:9
end_of_record
TN:
SF:/Users/Bacon/react-context-controller/src/util.js
FN:1,(anonymous_0)
FN:4,(anonymous_1)
FN:5,(anonymous_2)
FN:6,(anonymous_3)
FN:22,(anonymous_4)
FN:37,(anonymous_5)
FNF:6
FNH:6
FNDA:48,(anonymous_0)
FNDA:12,(anonymous_1)
FNDA:7,(anonymous_2)
FNDA:4,(anonymous_3)
FNDA:20,(anonymous_4)
FNDA:4,(anonymous_5)
DA:1,48
DA:2,1
DA:4,12
DA:5,7
DA:6,4
DA:22,1
DA:23,20
DA:24,16
DA:25,7
DA:27,9
DA:28,9
DA:29,9
DA:30,9
DA:31,11
DA:32,7
DA:35,2
DA:37,1
DA:38,4
DA:39,1
DA:41,3
LF:20
LH:20
BRDA:23,0,0,4
BRDA:23,0,1,16
BRDA:24,1,0,7
BRDA:24,1,1,9
BRDA:24,2,0,16
BRDA:24,2,1,9
BRDA:29,3,0,0
BRDA:29,3,1,9
BRDA:31,4,0,7
BRDA:31,4,1,4
BRDA:31,5,0,11
BRDA:31,5,1,11
BRDA:38,6,0,1
BRDA:38,6,1,3
BRF:14
BRH:13
end_of_record
